<?xml version="1.0" encoding="UTF-8"?>
<!-- Generated by org.testng.reporters.JUnitReportReporter -->
<testsuite hostname="DESKTOP-HVPBQHH" failures="0" tests="1" name="com.hrm.qa.test_cases.AdminPageTest" time="0.000" errors="0" timestamp="2021-11-22T20:01:40 PKT" skipped="1">
  <testcase classname="com.hrm.qa.test_cases.AdminPageTest" name="Test_searchUser" time="0.000">
    <skipped/>
  </testcase> <!-- Test_searchUser -->
  <system-out/>
</testsuite> <!-- com.hrm.qa.test_cases.AdminPageTest -->
